<?xml version="1.0" encoding="UTF-8" ?>
<testsuites>
  <testsuite failures="1" hostname="ibm-mohitraj" id="0" name="NewProject/tests" package="" skipped="0" tests="1" time="29.967" timestamp="Wed Mar 12 23:02:00 IST 2025">
	    <properties>
		      <property name="excludeCallableTestCases" value="true" />

		      <property name="testEnvironment" value="" />

		      <property name="pluginOutputLevel" value="WARNING" />

		      <property name="projectPath" value=".." />

		      <property name="salesforceMetadataCache" value="Reuse" />

		      <property name="resultsPathDisposition" value="Increment" />

		      <property name="testOutputLevel" value="INFO" />

		      <property name="webBrowserType" value="Chrome" />

		      <property name="resultsPath" value="../ANT/Results" />

		      <property name="webBrowserConfiguration" value="Full Screen" />

		      <property name="projectCachePath" value="C:\Users\mohit.raj\git\repositoryNew\NewProject\ANT\..\.provarCaches" />

	    </properties>

	    <testcase classname="tests/Test Case 1.testcase" name="Test Case 1.testcase" time="15.909">
		      <failure message="Execution failed"><![CDATA[Connection exception while opening Partner connection. Connection name: Presonnel, environment: <default>, authEndpoint: https://login.salesforce.com/services/Soap/u/61.0, userName: rajmohit2425@gmail.com, password: [supplied], securityToken: [empty]]]></failure>

	    </testcase>

  </testsuite>
</testsuites>
